Linked: (/home/mick/Robotous_FT_RFT60/catkin_ft/devel/.private/rft_sensor_serial/include/rft_sensor_serial/rft_operationResponse.h, /home/mick/Robotous_FT_RFT60/catkin_ft/devel/include/rft_sensor_serial/rft_operationResponse.h)
Linked: (/home/mick/Robotous_FT_RFT60/catkin_ft/devel/.private/rft_sensor_serial/include/rft_sensor_serial/rft_operationRequest.h, /home/mick/Robotous_FT_RFT60/catkin_ft/devel/include/rft_sensor_serial/rft_operationRequest.h)
Linked: (/home/mick/Robotous_FT_RFT60/catkin_ft/devel/.private/rft_sensor_serial/include/rft_sensor_serial/rft_operation.h, /home/mick/Robotous_FT_RFT60/catkin_ft/devel/include/rft_sensor_serial/rft_operation.h)
Linked: (/home/mick/Robotous_FT_RFT60/catkin_ft/devel/.private/rft_sensor_serial/lib/python3/dist-packages/rft_sensor_serial/__init__.py, /home/mick/Robotous_FT_RFT60/catkin_ft/devel/lib/python3/dist-packages/rft_sensor_serial/__init__.py)
Linked: (/home/mick/Robotous_FT_RFT60/catkin_ft/devel/.private/rft_sensor_serial/lib/python3/dist-packages/rft_sensor_serial/srv/_rft_operation.py, /home/mick/Robotous_FT_RFT60/catkin_ft/devel/lib/python3/dist-packages/rft_sensor_serial/srv/_rft_operation.py)
Linked: (/home/mick/Robotous_FT_RFT60/catkin_ft/devel/.private/rft_sensor_serial/lib/python3/dist-packages/rft_sensor_serial/srv/__init__.py, /home/mick/Robotous_FT_RFT60/catkin_ft/devel/lib/python3/dist-packages/rft_sensor_serial/srv/__init__.py)
Linked: (/home/mick/Robotous_FT_RFT60/catkin_ft/devel/.private/rft_sensor_serial/lib/rft_sensor_serial/rft_sensor_serial, /home/mick/Robotous_FT_RFT60/catkin_ft/devel/lib/rft_sensor_serial/rft_sensor_serial)
Linked: (/home/mick/Robotous_FT_RFT60/catkin_ft/devel/.private/rft_sensor_serial/lib/pkgconfig/rft_sensor_serial.pc, /home/mick/Robotous_FT_RFT60/catkin_ft/devel/lib/pkgconfig/rft_sensor_serial.pc)
Linked: (/home/mick/Robotous_FT_RFT60/catkin_ft/devel/.private/rft_sensor_serial/share/common-lisp/ros/rft_sensor_serial/srv/_package.lisp, /home/mick/Robotous_FT_RFT60/catkin_ft/devel/share/common-lisp/ros/rft_sensor_serial/srv/_package.lisp)
Linked: (/home/mick/Robotous_FT_RFT60/catkin_ft/devel/.private/rft_sensor_serial/share/common-lisp/ros/rft_sensor_serial/srv/rft_operation.lisp, /home/mick/Robotous_FT_RFT60/catkin_ft/devel/share/common-lisp/ros/rft_sensor_serial/srv/rft_operation.lisp)
Linked: (/home/mick/Robotous_FT_RFT60/catkin_ft/devel/.private/rft_sensor_serial/share/common-lisp/ros/rft_sensor_serial/srv/rft_sensor_serial-srv.asd, /home/mick/Robotous_FT_RFT60/catkin_ft/devel/share/common-lisp/ros/rft_sensor_serial/srv/rft_sensor_serial-srv.asd)
Linked: (/home/mick/Robotous_FT_RFT60/catkin_ft/devel/.private/rft_sensor_serial/share/common-lisp/ros/rft_sensor_serial/srv/_package_rft_operation.lisp, /home/mick/Robotous_FT_RFT60/catkin_ft/devel/share/common-lisp/ros/rft_sensor_serial/srv/_package_rft_operation.lisp)
Linked: (/home/mick/Robotous_FT_RFT60/catkin_ft/devel/.private/rft_sensor_serial/share/roseus/ros/rft_sensor_serial/manifest.l, /home/mick/Robotous_FT_RFT60/catkin_ft/devel/share/roseus/ros/rft_sensor_serial/manifest.l)
Linked: (/home/mick/Robotous_FT_RFT60/catkin_ft/devel/.private/rft_sensor_serial/share/roseus/ros/rft_sensor_serial/srv/rft_operation.l, /home/mick/Robotous_FT_RFT60/catkin_ft/devel/share/roseus/ros/rft_sensor_serial/srv/rft_operation.l)
Linked: (/home/mick/Robotous_FT_RFT60/catkin_ft/devel/.private/rft_sensor_serial/share/rft_sensor_serial/cmake/rft_sensor_serialConfig-version.cmake, /home/mick/Robotous_FT_RFT60/catkin_ft/devel/share/rft_sensor_serial/cmake/rft_sensor_serialConfig-version.cmake)
Linked: (/home/mick/Robotous_FT_RFT60/catkin_ft/devel/.private/rft_sensor_serial/share/rft_sensor_serial/cmake/rft_sensor_serialConfig.cmake, /home/mick/Robotous_FT_RFT60/catkin_ft/devel/share/rft_sensor_serial/cmake/rft_sensor_serialConfig.cmake)
Linked: (/home/mick/Robotous_FT_RFT60/catkin_ft/devel/.private/rft_sensor_serial/share/rft_sensor_serial/cmake/rft_sensor_serial-msg-paths.cmake, /home/mick/Robotous_FT_RFT60/catkin_ft/devel/share/rft_sensor_serial/cmake/rft_sensor_serial-msg-paths.cmake)
Linked: (/home/mick/Robotous_FT_RFT60/catkin_ft/devel/.private/rft_sensor_serial/share/rft_sensor_serial/cmake/rft_sensor_serial-msg-extras.cmake, /home/mick/Robotous_FT_RFT60/catkin_ft/devel/share/rft_sensor_serial/cmake/rft_sensor_serial-msg-extras.cmake)
Linked: (/home/mick/Robotous_FT_RFT60/catkin_ft/devel/.private/rft_sensor_serial/share/gennodejs/ros/rft_sensor_serial/_index.js, /home/mick/Robotous_FT_RFT60/catkin_ft/devel/share/gennodejs/ros/rft_sensor_serial/_index.js)
Linked: (/home/mick/Robotous_FT_RFT60/catkin_ft/devel/.private/rft_sensor_serial/share/gennodejs/ros/rft_sensor_serial/srv/_index.js, /home/mick/Robotous_FT_RFT60/catkin_ft/devel/share/gennodejs/ros/rft_sensor_serial/srv/_index.js)
Linked: (/home/mick/Robotous_FT_RFT60/catkin_ft/devel/.private/rft_sensor_serial/share/gennodejs/ros/rft_sensor_serial/srv/rft_operation.js, /home/mick/Robotous_FT_RFT60/catkin_ft/devel/share/gennodejs/ros/rft_sensor_serial/srv/rft_operation.js)
